<?xml version="1.0" encoding="UTF-8"?>
<testsuite xmlns:xsi="http://www.w3.org/2001/XMLSchema-instance" xsi:noNamespaceSchemaLocation="https://maven.apache.org/surefire/maven-surefire-plugin/xsd/surefire-test-report.xsd" name="CallTest" time="0.053" tests="1" errors="0" skipped="0" failures="0">
  <properties>
    <property name="gopherProxySet" value="false"/>
    <property name="awt.toolkit" value="sun.lwawt.macosx.LWCToolkit"/>
    <property name="file.encoding.pkg" value="sun.io"/>
    <property name="java.specification.version" value="1.8"/>
    <property name="sun.cpu.isalist" value=""/>
    <property name="sun.jnu.encoding" value="UTF-8"/>
    <property name="java.class.path" value="/Users/sandervanhooff/Webapps/SE/Callcenter/api/target/test-classes:/Users/sandervanhooff/Webapps/SE/Callcenter/api/target/classes:/Users/sandervanhooff/.m2/repository/org/hibernate/hibernate-entitymanager/5.4.1.Final/hibernate-entitymanager-5.4.1.Final.jar:/Users/sandervanhooff/.m2/repository/org/jboss/logging/jboss-logging/3.3.2.Final/jboss-logging-3.3.2.Final.jar:/Users/sandervanhooff/.m2/repository/org/hibernate/hibernate-core/5.4.1.Final/hibernate-core-5.4.1.Final.jar:/Users/sandervanhooff/.m2/repository/org/javassist/javassist/3.24.0-GA/javassist-3.24.0-GA.jar:/Users/sandervanhooff/.m2/repository/antlr/antlr/2.7.7/antlr-2.7.7.jar:/Users/sandervanhooff/.m2/repository/org/jboss/jandex/2.0.5.Final/jandex-2.0.5.Final.jar:/Users/sandervanhooff/.m2/repository/javax/activation/javax.activation-api/1.2.0/javax.activation-api-1.2.0.jar:/Users/sandervanhooff/.m2/repository/javax/xml/bind/jaxb-api/2.3.1/jaxb-api-2.3.1.jar:/Users/sandervanhooff/.m2/repository/org/glassfish/jaxb/jaxb-runtime/2.3.1/jaxb-runtime-2.3.1.jar:/Users/sandervanhooff/.m2/repository/org/glassfish/jaxb/txw2/2.3.1/txw2-2.3.1.jar:/Users/sandervanhooff/.m2/repository/com/sun/istack/istack-commons-runtime/3.0.7/istack-commons-runtime-3.0.7.jar:/Users/sandervanhooff/.m2/repository/org/jvnet/staxex/stax-ex/1.8/stax-ex-1.8.jar:/Users/sandervanhooff/.m2/repository/com/sun/xml/fastinfoset/FastInfoset/1.2.15/FastInfoset-1.2.15.jar:/Users/sandervanhooff/.m2/repository/org/dom4j/dom4j/2.1.1/dom4j-2.1.1.jar:/Users/sandervanhooff/.m2/repository/org/hibernate/common/hibernate-commons-annotations/5.1.0.Final/hibernate-commons-annotations-5.1.0.Final.jar:/Users/sandervanhooff/.m2/repository/javax/persistence/javax.persistence-api/2.2/javax.persistence-api-2.2.jar:/Users/sandervanhooff/.m2/repository/net/bytebuddy/byte-buddy/1.9.5/byte-buddy-1.9.5.jar:/Users/sandervanhooff/.m2/repository/org/jboss/spec/javax/transaction/jboss-transaction-api_1.2_spec/1.1.1.Final/jboss-transaction-api_1.2_spec-1.1.1.Final.jar:/Users/sandervanhooff/.m2/repository/mysql/mysql-connector-java/5.1.6/mysql-connector-java-5.1.6.jar:/Users/sandervanhooff/.m2/repository/junit/junit/4.11/junit-4.11.jar:/Users/sandervanhooff/.m2/repository/org/hamcrest/hamcrest-core/1.3/hamcrest-core-1.3.jar:/Users/sandervanhooff/.m2/repository/com/h2database/h2/1.4.192/h2-1.4.192.jar:/Users/sandervanhooff/.m2/repository/org/apache/openejb/openejb-core/4.7.5/openejb-core-4.7.5.jar:/Users/sandervanhooff/.m2/repository/org/apache/openejb/mbean-annotation-api/4.7.5/mbean-annotation-api-4.7.5.jar:/Users/sandervanhooff/.m2/repository/org/apache/openejb/openejb-jpa-integration/4.7.5/openejb-jpa-integration-4.7.5.jar:/Users/sandervanhooff/.m2/repository/org/apache/openejb/javaee-api/6.0-6/javaee-api-6.0-6.jar:/Users/sandervanhooff/.m2/repository/org/apache/commons/commons-lang3/3.3.2/commons-lang3-3.3.2.jar:/Users/sandervanhooff/.m2/repository/org/apache/openejb/openejb-api/4.7.5/openejb-api-4.7.5.jar:/Users/sandervanhooff/.m2/repository/org/apache/openejb/openejb-loader/4.7.5/openejb-loader-4.7.5.jar:/Users/sandervanhooff/.m2/repository/org/apache/openejb/openejb-javaagent/4.7.5/openejb-javaagent-4.7.5.jar:/Users/sandervanhooff/.m2/repository/org/apache/openejb/openejb-jee/4.7.5/openejb-jee-4.7.5.jar:/Users/sandervanhooff/.m2/repository/com/sun/xml/bind/jaxb-impl/2.2.7/jaxb-impl-2.2.7.jar:/Users/sandervanhooff/.m2/repository/com/sun/xml/bind/jaxb-core/2.2.7/jaxb-core-2.2.7.jar:/Users/sandervanhooff/.m2/repository/org/apache/openejb/openejb-jee-accessors/4.7.5/openejb-jee-accessors-4.7.5.jar:/Users/sandervanhooff/.m2/repository/org/metatype/sxc/sxc-jaxb-core/0.8/sxc-jaxb-core-0.8.jar:/Users/sandervanhooff/.m2/repository/org/metatype/sxc/sxc-runtime/0.8/sxc-runtime-0.8.jar:/Users/sandervanhooff/.m2/repository/commons-cli/commons-cli/1.2/commons-cli-1.2.jar:/Users/sandervanhooff/.m2/repository/commons-collections/commons-collections/3.2.2/commons-collections-3.2.2.jar:/Users/sandervanhooff/.m2/repository/org/apache/activemq/activemq-ra/5.10.2/activemq-ra-5.10.2.jar:/Users/sandervanhooff/.m2/repository/org/apache/activemq/activemq-kahadb-store/5.10.2/activemq-kahadb-store-5.10.2.jar:/Users/sandervanhooff/.m2/repository/org/apache/activemq/protobuf/activemq-protobuf/1.1/activemq-protobuf-1.1.jar:/Users/sandervanhooff/.m2/repository/org/apache/activemq/activemq-broker/5.10.2/activemq-broker-5.10.2.jar:/Users/sandervanhooff/.m2/repository/org/apache/activemq/activemq-client/5.10.2/activemq-client-5.10.2.jar:/Users/sandervanhooff/.m2/repository/org/fusesource/hawtbuf/hawtbuf/1.10/hawtbuf-1.10.jar:/Users/sandervanhooff/.m2/repository/org/apache/activemq/activemq-openwire-legacy/5.10.2/activemq-openwire-legacy-5.10.2.jar:/Users/sandervanhooff/.m2/repository/org/apache/activemq/activemq-jdbc-store/5.10.2/activemq-jdbc-store-5.10.2.jar:/Users/sandervanhooff/.m2/repository/org/apache/geronimo/components/geronimo-connector/3.1.1/geronimo-connector-3.1.1.jar:/Users/sandervanhooff/.m2/repository/org/apache/geronimo/specs/geronimo-j2ee-connector_1.6_spec/1.0/geronimo-j2ee-connector_1.6_spec-1.0.jar:/Users/sandervanhooff/.m2/repository/org/apache/geronimo/components/geronimo-transaction/3.1.1/geronimo-transaction-3.1.1.jar:/Users/sandervanhooff/.m2/repository/org/objectweb/howl/howl/1.0.1-1/howl-1.0.1-1.jar:/Users/sandervanhooff/.m2/repository/org/apache/geronimo/javamail/geronimo-javamail_1.4_mail/1.9.0-alpha-2/geronimo-javamail_1.4_mail-1.9.0-alpha-2.jar:/Users/sandervanhooff/.m2/repository/org/apache/xbean/xbean-asm5-shaded/4.2/xbean-asm5-shaded-4.2.jar:/Users/sandervanhooff/.m2/repository/org/apache/xbean/xbean-finder-shaded/4.2/xbean-finder-shaded-4.2.jar:/Users/sandervanhooff/.m2/repository/org/apache/xbean/xbean-reflect/4.2/xbean-reflect-4.2.jar:/Users/sandervanhooff/.m2/repository/org/apache/xbean/xbean-naming/4.2/xbean-naming-4.2.jar:/Users/sandervanhooff/.m2/repository/org/apache/xbean/xbean-bundleutils/4.2/xbean-bundleutils-4.2.jar:/Users/sandervanhooff/.m2/repository/org/hsqldb/hsqldb/2.3.2/hsqldb-2.3.2.jar:/Users/sandervanhooff/.m2/repository/commons-dbcp/commons-dbcp/1.4/commons-dbcp-1.4.jar:/Users/sandervanhooff/.m2/repository/commons-pool/commons-pool/1.5.7/commons-pool-1.5.7.jar:/Users/sandervanhooff/.m2/repository/org/codehaus/swizzle/swizzle-stream/1.6.2/swizzle-stream-1.6.2.jar:/Users/sandervanhooff/.m2/repository/commons-logging/commons-logging/1.1.1/commons-logging-1.1.1.jar:/Users/sandervanhooff/.m2/repository/org/apache/openejb/shade/quartz-openejb-shade/2.2.1/quartz-openejb-shade-2.2.1.jar:/Users/sandervanhooff/.m2/repository/org/slf4j/slf4j-jdk14/1.7.14/slf4j-jdk14-1.7.14.jar:/Users/sandervanhooff/.m2/repository/org/slf4j/slf4j-api/1.7.14/slf4j-api-1.7.14.jar:/Users/sandervanhooff/.m2/repository/org/apache/openwebbeans/openwebbeans-impl/1.2.8/openwebbeans-impl-1.2.8.jar:/Users/sandervanhooff/.m2/repository/org/apache/openwebbeans/openwebbeans-spi/1.2.8/openwebbeans-spi-1.2.8.jar:/Users/sandervanhooff/.m2/repository/org/apache/openwebbeans/openwebbeans-ejb/1.2.8/openwebbeans-ejb-1.2.8.jar:/Users/sandervanhooff/.m2/repository/org/apache/openwebbeans/openwebbeans-ee/1.2.8/openwebbeans-ee-1.2.8.jar:/Users/sandervanhooff/.m2/repository/org/apache/openwebbeans/openwebbeans-ee-common/1.2.8/openwebbeans-ee-common-1.2.8.jar:/Users/sandervanhooff/.m2/repository/org/apache/openwebbeans/openwebbeans-web/1.2.8/openwebbeans-web-1.2.8.jar:/Users/sandervanhooff/.m2/repository/org/apache/openwebbeans/openwebbeans-el22/1.2.8/openwebbeans-el22-1.2.8.jar:/Users/sandervanhooff/.m2/repository/org/apache/openjpa/openjpa/2.4.2/openjpa-2.4.2.jar:/Users/sandervanhooff/.m2/repository/commons-lang/commons-lang/2.6/commons-lang-2.6.jar:/Users/sandervanhooff/.m2/repository/net/sourceforge/serp/serp/1.15.1/serp-1.15.1.jar:/Users/sandervanhooff/.m2/repository/org/apache/bval/bval-core/0.5/bval-core-0.5.jar:/Users/sandervanhooff/.m2/repository/commons-beanutils/commons-beanutils-core/1.8.3/commons-beanutils-core-1.8.3.jar:/Users/sandervanhooff/.m2/repository/org/apache/bval/bval-jsr303/0.5/bval-jsr303-0.5.jar:/Users/sandervanhooff/.m2/repository/org/fusesource/jansi/jansi/1.16/jansi-1.16.jar:/Users/sandervanhooff/.m2/repository/org/hibernate/validator/hibernate-validator/6.0.2.Final/hibernate-validator-6.0.2.Final.jar:/Users/sandervanhooff/.m2/repository/javax/validation/validation-api/2.0.0.Final/validation-api-2.0.0.Final.jar:/Users/sandervanhooff/.m2/repository/com/fasterxml/classmate/1.3.1/classmate-1.3.1.jar:/Users/sandervanhooff/.m2/repository/org/hibernate/validator/hibernate-validator-annotation-processor/6.0.2.Final/hibernate-validator-annotation-processor-6.0.2.Final.jar:"/>
    <property name="java.vm.vendor" value="Oracle Corporation"/>
    <property name="sun.arch.data.model" value="64"/>
    <property name="java.vendor.url" value="http://java.oracle.com/"/>
    <property name="user.timezone" value=""/>
    <property name="user.country.format" value="NL"/>
    <property name="java.vm.specification.version" value="1.8"/>
    <property name="os.name" value="Mac OS X"/>
    <property name="user.country" value="US"/>
    <property name="sun.java.launcher" value="SUN_STANDARD"/>
    <property name="sun.boot.library.path" value="/Library/Java/JavaVirtualMachines/jdk1.8.0_131.jdk/Contents/Home/jre/lib"/>
    <property name="sun.java.command" value="/Users/sandervanhooff/Webapps/SE/Callcenter/api/target/surefire/surefirebooter6157279371211383086.jar /Users/sandervanhooff/Webapps/SE/Callcenter/api/target/surefire 2019-02-27T13-58-01_521-jvmRun1 surefire2194514750859649542tmp surefire_03954706448167234842tmp"/>
    <property name="http.nonProxyHosts" value="local|*.local|169.254/16|*.169.254/16"/>
    <property name="surefire.test.class.path" value="/Users/sandervanhooff/Webapps/SE/Callcenter/api/target/test-classes:/Users/sandervanhooff/Webapps/SE/Callcenter/api/target/classes:/Users/sandervanhooff/.m2/repository/org/hibernate/hibernate-entitymanager/5.4.1.Final/hibernate-entitymanager-5.4.1.Final.jar:/Users/sandervanhooff/.m2/repository/org/jboss/logging/jboss-logging/3.3.2.Final/jboss-logging-3.3.2.Final.jar:/Users/sandervanhooff/.m2/repository/org/hibernate/hibernate-core/5.4.1.Final/hibernate-core-5.4.1.Final.jar:/Users/sandervanhooff/.m2/repository/org/javassist/javassist/3.24.0-GA/javassist-3.24.0-GA.jar:/Users/sandervanhooff/.m2/repository/antlr/antlr/2.7.7/antlr-2.7.7.jar:/Users/sandervanhooff/.m2/repository/org/jboss/jandex/2.0.5.Final/jandex-2.0.5.Final.jar:/Users/sandervanhooff/.m2/repository/javax/activation/javax.activation-api/1.2.0/javax.activation-api-1.2.0.jar:/Users/sandervanhooff/.m2/repository/javax/xml/bind/jaxb-api/2.3.1/jaxb-api-2.3.1.jar:/Users/sandervanhooff/.m2/repository/org/glassfish/jaxb/jaxb-runtime/2.3.1/jaxb-runtime-2.3.1.jar:/Users/sandervanhooff/.m2/repository/org/glassfish/jaxb/txw2/2.3.1/txw2-2.3.1.jar:/Users/sandervanhooff/.m2/repository/com/sun/istack/istack-commons-runtime/3.0.7/istack-commons-runtime-3.0.7.jar:/Users/sandervanhooff/.m2/repository/org/jvnet/staxex/stax-ex/1.8/stax-ex-1.8.jar:/Users/sandervanhooff/.m2/repository/com/sun/xml/fastinfoset/FastInfoset/1.2.15/FastInfoset-1.2.15.jar:/Users/sandervanhooff/.m2/repository/org/dom4j/dom4j/2.1.1/dom4j-2.1.1.jar:/Users/sandervanhooff/.m2/repository/org/hibernate/common/hibernate-commons-annotations/5.1.0.Final/hibernate-commons-annotations-5.1.0.Final.jar:/Users/sandervanhooff/.m2/repository/javax/persistence/javax.persistence-api/2.2/javax.persistence-api-2.2.jar:/Users/sandervanhooff/.m2/repository/net/bytebuddy/byte-buddy/1.9.5/byte-buddy-1.9.5.jar:/Users/sandervanhooff/.m2/repository/org/jboss/spec/javax/transaction/jboss-transaction-api_1.2_spec/1.1.1.Final/jboss-transaction-api_1.2_spec-1.1.1.Final.jar:/Users/sandervanhooff/.m2/repository/mysql/mysql-connector-java/5.1.6/mysql-connector-java-5.1.6.jar:/Users/sandervanhooff/.m2/repository/junit/junit/4.11/junit-4.11.jar:/Users/sandervanhooff/.m2/repository/org/hamcrest/hamcrest-core/1.3/hamcrest-core-1.3.jar:/Users/sandervanhooff/.m2/repository/com/h2database/h2/1.4.192/h2-1.4.192.jar:/Users/sandervanhooff/.m2/repository/org/apache/openejb/openejb-core/4.7.5/openejb-core-4.7.5.jar:/Users/sandervanhooff/.m2/repository/org/apache/openejb/mbean-annotation-api/4.7.5/mbean-annotation-api-4.7.5.jar:/Users/sandervanhooff/.m2/repository/org/apache/openejb/openejb-jpa-integration/4.7.5/openejb-jpa-integration-4.7.5.jar:/Users/sandervanhooff/.m2/repository/org/apache/openejb/javaee-api/6.0-6/javaee-api-6.0-6.jar:/Users/sandervanhooff/.m2/repository/org/apache/commons/commons-lang3/3.3.2/commons-lang3-3.3.2.jar:/Users/sandervanhooff/.m2/repository/org/apache/openejb/openejb-api/4.7.5/openejb-api-4.7.5.jar:/Users/sandervanhooff/.m2/repository/org/apache/openejb/openejb-loader/4.7.5/openejb-loader-4.7.5.jar:/Users/sandervanhooff/.m2/repository/org/apache/openejb/openejb-javaagent/4.7.5/openejb-javaagent-4.7.5.jar:/Users/sandervanhooff/.m2/repository/org/apache/openejb/openejb-jee/4.7.5/openejb-jee-4.7.5.jar:/Users/sandervanhooff/.m2/repository/com/sun/xml/bind/jaxb-impl/2.2.7/jaxb-impl-2.2.7.jar:/Users/sandervanhooff/.m2/repository/com/sun/xml/bind/jaxb-core/2.2.7/jaxb-core-2.2.7.jar:/Users/sandervanhooff/.m2/repository/org/apache/openejb/openejb-jee-accessors/4.7.5/openejb-jee-accessors-4.7.5.jar:/Users/sandervanhooff/.m2/repository/org/metatype/sxc/sxc-jaxb-core/0.8/sxc-jaxb-core-0.8.jar:/Users/sandervanhooff/.m2/repository/org/metatype/sxc/sxc-runtime/0.8/sxc-runtime-0.8.jar:/Users/sandervanhooff/.m2/repository/commons-cli/commons-cli/1.2/commons-cli-1.2.jar:/Users/sandervanhooff/.m2/repository/commons-collections/commons-collections/3.2.2/commons-collections-3.2.2.jar:/Users/sandervanhooff/.m2/repository/org/apache/activemq/activemq-ra/5.10.2/activemq-ra-5.10.2.jar:/Users/sandervanhooff/.m2/repository/org/apache/activemq/activemq-kahadb-store/5.10.2/activemq-kahadb-store-5.10.2.jar:/Users/sandervanhooff/.m2/repository/org/apache/activemq/protobuf/activemq-protobuf/1.1/activemq-protobuf-1.1.jar:/Users/sandervanhooff/.m2/repository/org/apache/activemq/activemq-broker/5.10.2/activemq-broker-5.10.2.jar:/Users/sandervanhooff/.m2/repository/org/apache/activemq/activemq-client/5.10.2/activemq-client-5.10.2.jar:/Users/sandervanhooff/.m2/repository/org/fusesource/hawtbuf/hawtbuf/1.10/hawtbuf-1.10.jar:/Users/sandervanhooff/.m2/repository/org/apache/activemq/activemq-openwire-legacy/5.10.2/activemq-openwire-legacy-5.10.2.jar:/Users/sandervanhooff/.m2/repository/org/apache/activemq/activemq-jdbc-store/5.10.2/activemq-jdbc-store-5.10.2.jar:/Users/sandervanhooff/.m2/repository/org/apache/geronimo/components/geronimo-connector/3.1.1/geronimo-connector-3.1.1.jar:/Users/sandervanhooff/.m2/repository/org/apache/geronimo/specs/geronimo-j2ee-connector_1.6_spec/1.0/geronimo-j2ee-connector_1.6_spec-1.0.jar:/Users/sandervanhooff/.m2/repository/org/apache/geronimo/components/geronimo-transaction/3.1.1/geronimo-transaction-3.1.1.jar:/Users/sandervanhooff/.m2/repository/org/objectweb/howl/howl/1.0.1-1/howl-1.0.1-1.jar:/Users/sandervanhooff/.m2/repository/org/apache/geronimo/javamail/geronimo-javamail_1.4_mail/1.9.0-alpha-2/geronimo-javamail_1.4_mail-1.9.0-alpha-2.jar:/Users/sandervanhooff/.m2/repository/org/apache/xbean/xbean-asm5-shaded/4.2/xbean-asm5-shaded-4.2.jar:/Users/sandervanhooff/.m2/repository/org/apache/xbean/xbean-finder-shaded/4.2/xbean-finder-shaded-4.2.jar:/Users/sandervanhooff/.m2/repository/org/apache/xbean/xbean-reflect/4.2/xbean-reflect-4.2.jar:/Users/sandervanhooff/.m2/repository/org/apache/xbean/xbean-naming/4.2/xbean-naming-4.2.jar:/Users/sandervanhooff/.m2/repository/org/apache/xbean/xbean-bundleutils/4.2/xbean-bundleutils-4.2.jar:/Users/sandervanhooff/.m2/repository/org/hsqldb/hsqldb/2.3.2/hsqldb-2.3.2.jar:/Users/sandervanhooff/.m2/repository/commons-dbcp/commons-dbcp/1.4/commons-dbcp-1.4.jar:/Users/sandervanhooff/.m2/repository/commons-pool/commons-pool/1.5.7/commons-pool-1.5.7.jar:/Users/sandervanhooff/.m2/repository/org/codehaus/swizzle/swizzle-stream/1.6.2/swizzle-stream-1.6.2.jar:/Users/sandervanhooff/.m2/repository/commons-logging/commons-logging/1.1.1/commons-logging-1.1.1.jar:/Users/sandervanhooff/.m2/repository/org/apache/openejb/shade/quartz-openejb-shade/2.2.1/quartz-openejb-shade-2.2.1.jar:/Users/sandervanhooff/.m2/repository/org/slf4j/slf4j-jdk14/1.7.14/slf4j-jdk14-1.7.14.jar:/Users/sandervanhooff/.m2/repository/org/slf4j/slf4j-api/1.7.14/slf4j-api-1.7.14.jar:/Users/sandervanhooff/.m2/repository/org/apache/openwebbeans/openwebbeans-impl/1.2.8/openwebbeans-impl-1.2.8.jar:/Users/sandervanhooff/.m2/repository/org/apache/openwebbeans/openwebbeans-spi/1.2.8/openwebbeans-spi-1.2.8.jar:/Users/sandervanhooff/.m2/repository/org/apache/openwebbeans/openwebbeans-ejb/1.2.8/openwebbeans-ejb-1.2.8.jar:/Users/sandervanhooff/.m2/repository/org/apache/openwebbeans/openwebbeans-ee/1.2.8/openwebbeans-ee-1.2.8.jar:/Users/sandervanhooff/.m2/repository/org/apache/openwebbeans/openwebbeans-ee-common/1.2.8/openwebbeans-ee-common-1.2.8.jar:/Users/sandervanhooff/.m2/repository/org/apache/openwebbeans/openwebbeans-web/1.2.8/openwebbeans-web-1.2.8.jar:/Users/sandervanhooff/.m2/repository/org/apache/openwebbeans/openwebbeans-el22/1.2.8/openwebbeans-el22-1.2.8.jar:/Users/sandervanhooff/.m2/repository/org/apache/openjpa/openjpa/2.4.2/openjpa-2.4.2.jar:/Users/sandervanhooff/.m2/repository/commons-lang/commons-lang/2.6/commons-lang-2.6.jar:/Users/sandervanhooff/.m2/repository/net/sourceforge/serp/serp/1.15.1/serp-1.15.1.jar:/Users/sandervanhooff/.m2/repository/org/apache/bval/bval-core/0.5/bval-core-0.5.jar:/Users/sandervanhooff/.m2/repository/commons-beanutils/commons-beanutils-core/1.8.3/commons-beanutils-core-1.8.3.jar:/Users/sandervanhooff/.m2/repository/org/apache/bval/bval-jsr303/0.5/bval-jsr303-0.5.jar:/Users/sandervanhooff/.m2/repository/org/fusesource/jansi/jansi/1.16/jansi-1.16.jar:/Users/sandervanhooff/.m2/repository/org/hibernate/validator/hibernate-validator/6.0.2.Final/hibernate-validator-6.0.2.Final.jar:/Users/sandervanhooff/.m2/repository/javax/validation/validation-api/2.0.0.Final/validation-api-2.0.0.Final.jar:/Users/sandervanhooff/.m2/repository/com/fasterxml/classmate/1.3.1/classmate-1.3.1.jar:/Users/sandervanhooff/.m2/repository/org/hibernate/validator/hibernate-validator-annotation-processor/6.0.2.Final/hibernate-validator-annotation-processor-6.0.2.Final.jar:"/>
    <property name="sun.cpu.endian" value="little"/>
    <property name="user.home" value="/Users/sandervanhooff"/>
    <property name="user.language" value="en"/>
    <property name="java.specification.vendor" value="Oracle Corporation"/>
    <property name="java.home" value="/Library/Java/JavaVirtualMachines/jdk1.8.0_131.jdk/Contents/Home/jre"/>
    <property name="basedir" value="/Users/sandervanhooff/Webapps/SE/Callcenter/api"/>
    <property name="file.separator" value="/"/>
    <property name="line.separator" value="&#10;"/>
    <property name="java.vm.specification.vendor" value="Oracle Corporation"/>
    <property name="java.specification.name" value="Java Platform API Specification"/>
    <property name="java.awt.graphicsenv" value="sun.awt.CGraphicsEnvironment"/>
    <property name="surefire.real.class.path" value="/Users/sandervanhooff/Webapps/SE/Callcenter/api/target/surefire/surefirebooter6157279371211383086.jar"/>
    <property name="sun.boot.class.path" value="/Library/Java/JavaVirtualMachines/jdk1.8.0_131.jdk/Contents/Home/jre/lib/resources.jar:/Library/Java/JavaVirtualMachines/jdk1.8.0_131.jdk/Contents/Home/jre/lib/rt.jar:/Library/Java/JavaVirtualMachines/jdk1.8.0_131.jdk/Contents/Home/jre/lib/sunrsasign.jar:/Library/Java/JavaVirtualMachines/jdk1.8.0_131.jdk/Contents/Home/jre/lib/jsse.jar:/Library/Java/JavaVirtualMachines/jdk1.8.0_131.jdk/Contents/Home/jre/lib/jce.jar:/Library/Java/JavaVirtualMachines/jdk1.8.0_131.jdk/Contents/Home/jre/lib/charsets.jar:/Library/Java/JavaVirtualMachines/jdk1.8.0_131.jdk/Contents/Home/jre/lib/jfr.jar:/Library/Java/JavaVirtualMachines/jdk1.8.0_131.jdk/Contents/Home/jre/classes"/>
    <property name="sun.management.compiler" value="HotSpot 64-Bit Tiered Compilers"/>
    <property name="ftp.nonProxyHosts" value="local|*.local|169.254/16|*.169.254/16"/>
    <property name="java.runtime.version" value="1.8.0_131-b11"/>
    <property name="user.name" value="sandervanhooff"/>
    <property name="path.separator" value=":"/>
    <property name="os.version" value="10.14.1"/>
    <property name="java.endorsed.dirs" value="/Library/Java/JavaVirtualMachines/jdk1.8.0_131.jdk/Contents/Home/jre/lib/endorsed"/>
    <property name="java.runtime.name" value="Java(TM) SE Runtime Environment"/>
    <property name="file.encoding" value="UTF-8"/>
    <property name="java.vm.name" value="Java HotSpot(TM) 64-Bit Server VM"/>
    <property name="localRepository" value="/Users/sandervanhooff/.m2/repository"/>
    <property name="java.vendor.url.bug" value="http://bugreport.sun.com/bugreport/"/>
    <property name="java.io.tmpdir" value="/var/folders/y2/vbqg5mv56_s63xvpcykpyl1c0000gn/T/"/>
    <property name="java.version" value="1.8.0_131"/>
    <property name="user.dir" value="/Users/sandervanhooff/Webapps/SE/Callcenter/api"/>
    <property name="os.arch" value="x86_64"/>
    <property name="java.vm.specification.name" value="Java Virtual Machine Specification"/>
    <property name="java.awt.printerjob" value="sun.lwawt.macosx.CPrinterJob"/>
    <property name="sun.os.patch.level" value="unknown"/>
    <property name="java.library.path" value="/Users/sandervanhooff/Library/Java/Extensions:/Library/Java/Extensions:/Network/Library/Java/Extensions:/System/Library/Java/Extensions:/usr/lib/java:."/>
    <property name="java.vm.info" value="mixed mode"/>
    <property name="java.vendor" value="Oracle Corporation"/>
    <property name="java.vm.version" value="25.131-b11"/>
    <property name="java.ext.dirs" value="/Users/sandervanhooff/Library/Java/Extensions:/Library/Java/JavaVirtualMachines/jdk1.8.0_131.jdk/Contents/Home/jre/lib/ext:/Library/Java/Extensions:/Network/Library/Java/Extensions:/System/Library/Java/Extensions:/usr/lib/java"/>
    <property name="sun.io.unicode.encoding" value="UnicodeBig"/>
    <property name="java.class.version" value="52.0"/>
    <property name="socksNonProxyHosts" value="local|*.local|169.254/16|*.169.254/16"/>
  </properties>
  <testcase name="customerConstruct" classname="CallTest" time="0.011"/>
</testsuite>